# JRE version: OpenJDK Runtime Environment (15.0.1+9) (build 15.0.1+9-18)
# Java VM: OpenJDK 64-Bit Server VM (15.0.1+9-18, mixed mode, sharing, tiered, compressed oops, g1 gc, bsd-amd64)
GC Precious Log:
 CPUs: 8 total, 8 available
 Memory: 16384M
 Large Page Support: Disabled
 NUMA Support: Disabled
 Compressed Oops: Enabled (Zero based)
 Heap Region Size: 2M
 Heap Min Capacity: 8M
 Heap Initial Capacity: 256M
 Heap Max Capacity: 4G
 Pre-touch: Disabled
 Parallel Workers: 8
 Concurrent Workers: 2
 Concurrent Refinement Workers: 8
 Periodic GC: Disabled
Heap:
 garbage-first heap   total 266240K, used 64204K [0x0000000700000000, 0x0000000800000000)
  region size 2048K, 6 young (12288K), 2 survivors (4096K)
 Metaspace       used 298K, capacity 4508K, committed 4864K, reserved 1056768K
  class space    used 23K, capacity 392K, committed 512K, reserved 1048576K
GC Heap History (6 events):
Event: 10.259 GC heap before
{Heap before GC invocations=0 (full 0):
 garbage-first heap   total 266240K, used 24360K [0x0000000700000000, 0x0000000800000000)
  region size 2048K, 11 young (22528K), 0 survivors (0K)
 Metaspace       used 151K, capacity 4490K, committed 4864K, reserved 1056768K
  class space    used 7K, capacity 386K, committed 512K, reserved 1048576K
}
Event: 10.267 GC heap after
{Heap after GC invocations=1 (full 0):
 garbage-first heap   total 266240K, used 23713K [0x0000000700000000, 0x0000000800000000)
  region size 2048K, 2 young (4096K), 2 survivors (4096K)
 Metaspace       used 151K, capacity 4490K, committed 4864K, reserved 1056768K
  class space    used 7K, capacity 386K, committed 512K, reserved 1048576K
}
Event: 10.269 GC heap before
{Heap before GC invocations=1 (full 0):
 garbage-first heap   total 266240K, used 33953K [0x0000000700000000, 0x0000000800000000)
  region size 2048K, 8 young (16384K), 2 survivors (4096K)
 Metaspace       used 151K, capacity 4490K, committed 4864K, reserved 1056768K
  class space    used 7K, capacity 386K, committed 512K, reserved 1048576K
}
Event: 10.273 GC heap after
{Heap after GC invocations=2 (full 0):
 garbage-first heap   total 266240K, used 35892K [0x0000000700000000, 0x0000000800000000)
  region size 2048K, 1 young (2048K), 1 survivors (2048K)
 Metaspace       used 151K, capacity 4490K, committed 4864K, reserved 1056768K
  class space    used 7K, capacity 386K, committed 512K, reserved 1048576K
}
Event: 51.047 GC heap before
{Heap before GC invocations=2 (full 0):
 garbage-first heap   total 266240K, used 58420K [0x0000000700000000, 0x0000000800000000)
  region size 2048K, 12 young (24576K), 1 survivors (2048K)
 Metaspace       used 297K, capacity 4508K, committed 4864K, reserved 1056768K
  class space    used 23K, capacity 392K, committed 512K, reserved 1048576K
}
Event: 51.054 GC heap after
{Heap after GC invocations=3 (full 0):
 garbage-first heap   total 266240K, used 58060K [0x0000000700000000, 0x0000000800000000)
  region size 2048K, 2 young (4096K), 2 survivors (4096K)
 Metaspace       used 297K, capacity 4508K, committed 4864K, reserved 1056768K
  class space    used 23K, capacity 392K, committed 512K, reserved 1048576K
}

